<?xml version="1.0" encoding="UTF-8"?>
<!-- Generated by org.testng.reporters.JUnitXMLReporter -->
<testsuite hostname="GAGAN-PC" ignored="0" name="Employee Onboarding Test" tests="2" failures="0" timestamp="30 Aug 2019 09:40:43 GMT" time="97.743" errors="0">
  <testcase name="loginTest" time="8.636" classname="com.greytip.employeeOnboarding.testCases.TC_LoginTest_001"/>
  <testcase name="AddEmployee" time="81.422" classname="com.greytip.employeeOnboarding.testCases.TC_AddEmployee_002"/>
</testsuite> <!-- Employee Onboarding Test -->
